#
# There is insufficient memory for the Java Runtime Environment to continue.
# Native memory allocation (mmap) failed to map 335544320 bytes for G1 virtual space
# Possible reasons:
#   The system is out of physical RAM or swap space
#   The process is running with CompressedOops enabled, and the Java Heap may be blocking the growth of the native heap
# Possible solutions:
#   Reduce memory load on the system
#   Increase physical memory or swap space
#   Check if swap backing store is full
#   Decrease Java heap size (-Xmx/-Xms)
#   Decrease number of Java threads
#   Decrease Java thread stack sizes (-Xss)
#   Set larger code cache with -XX:ReservedCodeCacheSize=
#   JVM is running with Zero Based Compressed Oops mode in which the Java heap is
#     placed in the first 32GB address space. The Java Heap base address is the
#     maximum limit for the native heap growth. Please use -XX:HeapBaseMinAddress
#     to set the Java Heap base and to place the Java Heap above 32GB virtual address.
# This output file may be truncated or incomplete.
#
#  Out of Memory Error (os_windows.cpp:3600), pid=1856, tid=14672
#
# JRE version:  (21.0.1+12) (build )
# Java VM: OpenJDK 64-Bit Server VM (21.0.1+12-29, mixed mode, sharing, tiered, compressed oops, compressed class ptrs, g1 gc, windows-amd64)
# No core dump will be written. Minidumps are not enabled by default on client versions of Windows
#

---------------  S U M M A R Y ------------

Command Line: -javaagent:C:\Program Files\JetBrains\IntelliJ IDEA Community Edition 2023.2.3\lib\idea_rt.jar=7011:C:\Program Files\JetBrains\IntelliJ IDEA Community Edition 2023.2.3\bin -Dfile.encoding=UTF-8 -Dsun.stdout.encoding=UTF-8 -Dsun.stderr.encoding=UTF-8 Main

Host: Intel(R) Core(TM) i5-8250U CPU @ 1.60GHz, 8 cores, 19G,  Windows 10 , 64 bit Build 19041 (10.0.19041.3636)
Time: Tue Jan 16 20:35:19 2024 Hora estándar romance elapsed time: 0.016845 seconds (0d 0h 0m 0s)

---------------  T H R E A D  ---------------

Current thread (0x000002c66cce2de0):  JavaThread "Unknown thread" [_thread_in_vm, id=14672, stack(0x000000e6faf00000,0x000000e6fb000000) (1024K)]

Stack: [0x000000e6faf00000,0x000000e6fb000000]
Native frames: (J=compiled Java code, j=interpreted, Vv=VM code, C=native code)
V  [jvm.dll+0x6c9029]
V  [jvm.dll+0x854b81]
V  [jvm.dll+0x856e5e]
V  [jvm.dll+0x857543]
V  [jvm.dll+0x280c06]
V  [jvm.dll+0x6c5715]
V  [jvm.dll+0x6ba10a]
V  [jvm.dll+0x3557ea]
V  [jvm.dll+0x35d436]
V  [jvm.dll+0x3ae1be]
V  [jvm.dll+0x3ae468]
V  [jvm.dll+0x3291fc]
V  [jvm.dll+0x329d8b]
V  [jvm.dll+0x81d179]
V  [jvm.dll+0x3bb4f1]
V  [jvm.dll+0x805ae8]
V  [jvm.dll+0x44effe]
V  [jvm.dll+0x450901]
C  [jli.dll+0x52a3]
C  [ucrtbase.dll+0x21bb2]
C  [KERNEL32.DLL+0x17344]
C  [ntdll.dll+0x526b1]


---------------  P R O C E S S  ---------------

Threads class SMR info:
_java_thread_list=0x00007ffce0d89b88, length=0, elements={
}

Java Threads: ( => current thread )
Total: 0

Other Threads:
  0x000002c66eeba2c0 WorkerThread "GC Thread#0"                     [id=11072, stack(0x000000e6fb000000,0x000000e6fb100000) (1024K)]
  0x000002c66eec52b0 ConcurrentGCThread "G1 Main Marker"            [id=14784, stack(0x000000e6fb100000,0x000000e6fb200000) (1024K)]
  0x000002c66eec6460 WorkerThread "G1 Conc#0"                       [id=4496, stack(0x000000e6fb200000,0x000000e6fb300000) (1024K)]

[error occurred during error reporting (printing all threads), id 0xc0000005, EXCEPTION_ACCESS_VIOLATION (0xc0000005) at pc=0x00007ffce04fc2c7]
VM state: not at safepoint (not fully initialized)

VM Mutex/Monitor currently owned by a thread:  ([mutex/lock_event])
[0x00007ffce0dfa6f8] Heap_lock - owner thread: 0x000002c66cce2de0

Heap address: 0x00000006c1400000, size: 5100 MB, Compressed Oops mode: Zero based, Oop shift amount: 3

CDS archive(s) mapped at: [0x0000000000000000-0x0000000000000000-0x0000000000000000), size 0, SharedBaseAddress: 0x0000000800000000, ArchiveRelocationMode: 1.
Narrow klass base: 0x0000000000000000, Narrow klass shift: 0, Narrow klass range: 0x0

GC Precious Log:
 CardTable entry size: 512
 Card Set container configuration: InlinePtr #cards 4 size 8 Array Of Cards #cards 32 size 80 Howl #buckets 8 coarsen threshold 7372 Howl Bitmap #cards 1024 size 144 coarsen threshold 921 Card regions per heap region 1 cards per card region 8192

Heap:
 garbage-first heap   total 0K, used 0K [0x00000006c1400000, 0x0000000800000000)
  region size 4096K, 0 young (0K), 0 survivors (0K)

[error occurred during error reporting (printing heap information), id 0xc0000005, EXCEPTION_ACCESS_VIOLATION (0xc0000005) at pc=0x00007ffce08e1be9]
GC Heap History (0 events):
No events

Dll operation events (1 events):
Event: 0.011 Loaded shared library C:\Users\henrr\.jdks\openjdk-21.0.1\bin\java.dll

Deoptimization events (0 events):
No events

Classes loaded (0 events):
No events

Classes unloaded (0 events):
No events

Classes redefined (0 events):
No events

Internal exceptions (0 events):
No events

ZGC Phase Switch (0 events):
No events

VM Operations (0 events):
No events

Events (0 events):
No events


Dynamic libraries:
0x00007ff6d9290000 - 0x00007ff6d929e000 	C:\Users\henrr\.jdks\openjdk-21.0.1\bin\java.exe
0x00007ffd891d0000 - 0x00007ffd893c8000 	C:\WINDOWS\SYSTEM32\ntdll.dll
0x00007ffd88230000 - 0x00007ffd882ed000 	C:\WINDOWS\System32\KERNEL32.DLL
0x00007ffd86b30000 - 0x00007ffd86e26000 	C:\WINDOWS\System32\KERNELBASE.dll
0x00007ffd868e0000 - 0x00007ffd869e0000 	C:\WINDOWS\System32\ucrtbase.dll
0x00007ffd556e0000 - 0x00007ffd556f8000 	C:\Users\henrr\.jdks\openjdk-21.0.1\bin\jli.dll
0x00007ffd53a40000 - 0x00007ffd53a5b000 	C:\Users\henrr\.jdks\openjdk-21.0.1\bin\VCRUNTIME140.dll
0x00007ffd87db0000 - 0x00007ffd87f4e000 	C:\WINDOWS\System32\USER32.dll
0x00007ffd868b0000 - 0x00007ffd868d2000 	C:\WINDOWS\System32\win32u.dll
0x00007ffd6d350000 - 0x00007ffd6d5ea000 	C:\WINDOWS\WinSxS\amd64_microsoft.windows.common-controls_6595b64144ccf1df_6.0.19041.3636_none_60b6a03d71f818d5\COMCTL32.dll
0x00007ffd887c0000 - 0x00007ffd887ec000 	C:\WINDOWS\System32\GDI32.dll
0x00007ffd887f0000 - 0x00007ffd8888e000 	C:\WINDOWS\System32\msvcrt.dll
0x00007ffd86f40000 - 0x00007ffd8705a000 	C:\WINDOWS\System32\gdi32full.dll
0x00007ffd869e0000 - 0x00007ffd86a7d000 	C:\WINDOWS\System32\msvcp_win.dll
0x00007ffd879a0000 - 0x00007ffd879d0000 	C:\WINDOWS\System32\IMM32.DLL
0x00007ffd65a60000 - 0x00007ffd65a6c000 	C:\Users\henrr\.jdks\openjdk-21.0.1\bin\vcruntime140_1.dll
0x00007ffd458e0000 - 0x00007ffd4596e000 	C:\Users\henrr\.jdks\openjdk-21.0.1\bin\msvcp140.dll
0x00007ffce01c0000 - 0x00007ffce0ed5000 	C:\Users\henrr\.jdks\openjdk-21.0.1\bin\server\jvm.dll
0x00007ffd87230000 - 0x00007ffd872df000 	C:\WINDOWS\System32\ADVAPI32.dll
0x00007ffd88890000 - 0x00007ffd8892c000 	C:\WINDOWS\System32\sechost.dll
0x00007ffd87870000 - 0x00007ffd87996000 	C:\WINDOWS\System32\RPCRT4.dll
0x00007ffd881c0000 - 0x00007ffd8822b000 	C:\WINDOWS\System32\WS2_32.dll
0x00007ffd85e60000 - 0x00007ffd85eab000 	C:\WINDOWS\SYSTEM32\POWRPROF.dll
0x00007ffd6f2e0000 - 0x00007ffd6f307000 	C:\WINDOWS\SYSTEM32\WINMM.dll
0x00007ffd7af20000 - 0x00007ffd7af2a000 	C:\WINDOWS\SYSTEM32\VERSION.dll
0x00007ffd85cd0000 - 0x00007ffd85ce2000 	C:\WINDOWS\SYSTEM32\UMPDC.dll
0x00007ffd85150000 - 0x00007ffd85162000 	C:\WINDOWS\SYSTEM32\kernel.appcore.dll
0x00007ffd622a0000 - 0x00007ffd622aa000 	C:\Users\henrr\.jdks\openjdk-21.0.1\bin\jimage.dll
0x00007ffd84740000 - 0x00007ffd84924000 	C:\WINDOWS\SYSTEM32\DBGHELP.DLL
0x00007ffd756c0000 - 0x00007ffd756f4000 	C:\WINDOWS\SYSTEM32\dbgcore.DLL
0x00007ffd86e80000 - 0x00007ffd86f02000 	C:\WINDOWS\System32\bcryptPrimitives.dll
0x00007ffd806e0000 - 0x00007ffd806ef000 	C:\Users\henrr\.jdks\openjdk-21.0.1\bin\instrument.dll
0x00007ffd52860000 - 0x00007ffd5287f000 	C:\Users\henrr\.jdks\openjdk-21.0.1\bin\java.dll

dbghelp: loaded successfully - version: 4.0.5 - missing functions: none
symbol engine: initialized successfully - sym options: 0x614 - pdb path: .;C:\Users\henrr\.jdks\openjdk-21.0.1\bin;C:\WINDOWS\SYSTEM32;C:\WINDOWS\WinSxS\amd64_microsoft.windows.common-controls_6595b64144ccf1df_6.0.19041.3636_none_60b6a03d71f818d5;C:\Users\henrr\.jdks\openjdk-21.0.1\bin\server

VM Arguments:
jvm_args: -javaagent:C:\Program Files\JetBrains\IntelliJ IDEA Community Edition 2023.2.3\lib\idea_rt.jar=7011:C:\Program Files\JetBrains\IntelliJ IDEA Community Edition 2023.2.3\bin -Dfile.encoding=UTF-8 -Dsun.stdout.encoding=UTF-8 -Dsun.stderr.encoding=UTF-8 
java_command: Main
java_class_path (initial): C:\Users\henrr\OneDrive\Desktop\DAM2\Acceso Datos\UF2\Hibernate\target\classes;C:\Users\henrr\.m2\repository\org\hibernate\orm\hibernate-core\6.0.0.Alpha2\hibernate-core-6.0.0.Alpha2.jar;C:\Users\henrr\.m2\repository\org\jboss\logging\jboss-logging\3.3.2.Final\jboss-logging-3.3.2.Final.jar;C:\Users\henrr\.m2\repository\javax\persistence\javax.persistence-api\2.2\javax.persistence-api-2.2.jar;C:\Users\henrr\.m2\repository\org\javassist\javassist\3.24.0-GA\javassist-3.24.0-GA.jar;C:\Users\henrr\.m2\repository\net\bytebuddy\byte-buddy\1.9.5\byte-buddy-1.9.5.jar;C:\Users\henrr\.m2\repository\org\antlr\antlr4\4.7.1\antlr4-4.7.1.jar;C:\Users\henrr\.m2\repository\org\antlr\antlr4-runtime\4.7.1\antlr4-runtime-4.7.1.jar;C:\Users\henrr\.m2\repository\org\antlr\antlr-runtime\3.5.2\antlr-runtime-3.5.2.jar;C:\Users\henrr\.m2\repository\org\antlr\ST4\4.0.8\ST4-4.0.8.jar;C:\Users\henrr\.m2\repository\org\abego\treelayout\org.abego.treelayout.core\1.0.3\org.abego.treelayout.core-1.0.3.jar;C:\Users\henrr\.m2\repository\org\glassfish\javax.json\1.0.4\javax.json-1.0.4.jar;C:\Users\henrr\.m2\repository\com\ibm\icu\icu4j\58.2\icu4j-58.2.jar;C:\Users\henrr\.m2\repository\org\jboss\spec\javax\transaction\jboss-transaction-api_1.2_spec\1.1.1.Final\jboss-transaction-api_1.2_spec-1.1.1.Final.jar;C:\Users\henrr\.m2\repository\org\jboss\jandex\2.0.5.Final\jandex-2.0.5.Final.jar;C:\Users\henrr\.m2\repository\com\fasterxml\classmate\1.3.4\classmate-1.3.4.jar;C:\Users\henrr\.m2\repository\javax\activation\javax.activation-api\1.2.0\javax.activation-api-1.2.0.jar;C:\Users\henrr\.m2\repository\org\dom4j\dom4j\2.1.1\dom4j-2.1.1.jar;C:\Users\henrr\.m2\repository\org\hibernate\common\hibernate-commons-annotations\5.1.0.Final\hibernate-commons-annotations-5.1.0.Final.jar;C:\Users\henrr\.m2\repository\javax\xml\bind\jaxb-api\2.3.1\jaxb-api-2.3.1.jar;C:\Users\henrr\.m2\repository\org\glassfish\jaxb\jaxb-runtime\2.3.1\jaxb-runtime-2.3.1.jar;C:\Users\henrr\.m2\repository\org\glassfish\jaxb\txw2\2.3.1\txw2-2.3.1.jar;C:\Users\henrr\.m2\repository\com\sun\istack\istack-commons-runtime\3.0.7\istack-commons-runtime-3.0.7.jar;C:\Users\henrr\.m2\repository\org\jvnet\staxex\stax-ex\1.8\stax-ex-1.8.jar;C:\Users\henrr\.m2\repository\com\sun\xml\fastinfoset\FastInfoset\1.2.15\FastInfoset-1.2.15.jar;C:\Users\henrr\.m2\repository\mysql\mysql-connector-java\8.0.28\mysql-connector-java-8.0.28.jar;C:\Users\henrr\.m2\repository\com\google\protobuf\protobuf-java\3.11.4\protobuf-java-3.11.4.jar
Launcher Type: SUN_STANDARD

[Global flags]
     intx CICompilerCount                          = 4                                         {product} {ergonomic}
     uint ConcGCThreads                            = 2                                         {product} {ergonomic}
     uint G1ConcRefinementThreads                  = 8                                         {product} {ergonomic}
   size_t G1HeapRegionSize                         = 4194304                                   {product} {ergonomic}
    uintx GCDrainStackTargetSize                   = 64                                        {product} {ergonomic}
   size_t InitialHeapSize                          = 335544320                                 {product} {ergonomic}
   size_t MarkStackSize                            = 4194304                                   {product} {ergonomic}
   size_t MaxHeapSize                              = 5347737600                                {product} {ergonomic}
   size_t MinHeapDeltaBytes                        = 4194304                                   {product} {ergonomic}
   size_t MinHeapSize                              = 8388608                                   {product} {ergonomic}
    uintx NonNMethodCodeHeapSize                   = 5839372                                {pd product} {ergonomic}
    uintx NonProfiledCodeHeapSize                  = 122909434                              {pd product} {ergonomic}
    uintx ProfiledCodeHeapSize                     = 122909434                              {pd product} {ergonomic}
    uintx ReservedCodeCacheSize                    = 251658240                              {pd product} {ergonomic}
     bool SegmentedCodeCache                       = true                                      {product} {ergonomic}
   size_t SoftMaxHeapSize                          = 5347737600                             {manageable} {ergonomic}
     bool UseCompressedOops                        = true                           {product lp64_product} {ergonomic}
     bool UseG1GC                                  = true                                      {product} {ergonomic}
     bool UseLargePagesIndividualAllocation        = false                                  {pd product} {ergonomic}

Logging:
Log output configuration:
 #0: stdout all=warning uptime,level,tags foldmultilines=false
 #1: stderr all=off uptime,level,tags foldmultilines=false

Environment Variables:
JAVA_HOME=C:\Program Files\Java\jdk-17.0.1
PATH=C:\Program Files\Common Files\Oracle\Java\javapath;C:\Program Files (x86)\Common Files\Oracle\Java\javapath;C:\WINDOWS\system32;C:\WINDOWS;C:\WINDOWS\System32\Wbem;C:\WINDOWS\System32\WindowsPowerShell\v1.0\;C:\WINDOWS\System32\OpenSSH\;C:\Program Files\Microsoft SQL Server\130\Tools\Binn\;C:\Program Files\Java\jdk-17.0.1\bin;C:\Program Files\Git\cmd;C:\Program Files\nodejs\;C:\Program Files\dotnet\;C:\Program Files\Java\jdk-17.0.1\bin;C:\Users\henrr\AppData\Local\Microsoft\WindowsApps;C:\Users\henrr\AppData\Roaming\npm;C:\Users\henrr\.dotnet\tools;C:\Users\henrr\AppData\Local\Programs\Microsoft VS Code\bin;C:\Users\henrr\AppData\Local\gitkraken\bin;"C:\Users\henrr\OneDrive\Documents\flutter\bin"
USERNAME=henrr
OS=Windows_NT
PROCESSOR_IDENTIFIER=Intel64 Family 6 Model 142 Stepping 10, GenuineIntel
TMP=C:\Users\henrr\AppData\Local\Temp
TEMP=C:\Users\henrr\AppData\Local\Temp




Periodic native trim disabled

---------------  S Y S T E M  ---------------

OS:
 Windows 10 , 64 bit Build 19041 (10.0.19041.3636)
OS uptime: 7 days 4:36 hours

CPU: total 8 (initial active 8) (4 cores per cpu, 2 threads per core) family 6 model 142 stepping 10 microcode 0xea, cx8, cmov, fxsr, ht, mmx, 3dnowpref, sse, sse2, sse3, ssse3, sse4.1, sse4.2, popcnt, lzcnt, tsc, tscinvbit, avx, avx2, aes, erms, clmul, bmi1, bmi2, adx, fma, vzeroupper, clflush, clflushopt, rdtscp, f16c
Processor Information for all 8 processors :
  Max Mhz: 1800, Current Mhz: 1600, Mhz Limit: 1584

Memory: 4k page, system-wide physical 20389M (8712M free)
TotalPageFile size 22298M (AvailPageFile size 114M)
current process WorkingSet (physical memory assigned to process): 10M, peak: 10M
current process commit charge ("private bytes"): 60M, peak: 380M

vm_info: OpenJDK 64-Bit Server VM (21.0.1+12-29) for windows-amd64 JRE (21.0.1+12-29), built on 2023-10-05T13:27:09Z by "mach5one" with MS VC++ 17.1 (VS2022)

END.
