#
# There is insufficient memory for the Java Runtime Environment to continue.
# Native memory allocation (malloc) failed to allocate 32744 bytes for Chunk::new
# Possible reasons:
#   The system is out of physical RAM or swap space
#   The process is running with CompressedOops enabled, and the Java Heap may be blocking the growth of the native heap
# Possible solutions:
#   Reduce memory load on the system
#   Increase physical memory or swap space
#   Check if swap backing store is full
#   Decrease Java heap size (-Xmx/-Xms)
#   Decrease number of Java threads
#   Decrease Java thread stack sizes (-Xss)
#   Set larger code cache with -XX:ReservedCodeCacheSize=
#   JVM is running with Zero Based Compressed Oops mode in which the Java heap is
#     placed in the first 32GB address space. The Java Heap base address is the
#     maximum limit for the native heap growth. Please use -XX:HeapBaseMinAddress
#     to set the Java Heap base and to place the Java Heap above 32GB virtual address.
# This output file may be truncated or incomplete.
#
#  Out of Memory Error (arena.cpp:168), pid=10868, tid=16524
#
# JRE version: OpenJDK Runtime Environment (21.0.1+12) (build 21.0.1+12-29)
# Java VM: OpenJDK 64-Bit Server VM (21.0.1+12-29, mixed mode, sharing, tiered, compressed oops, compressed class ptrs, g1 gc, windows-amd64)
# No core dump will be written. Minidumps are not enabled by default on client versions of Windows
#

---------------  S U M M A R Y ------------

Command Line: -javaagent:C:\Program Files\JetBrains\IntelliJ IDEA Community Edition 2023.2.3\lib\idea_rt.jar=7273:C:\Program Files\JetBrains\IntelliJ IDEA Community Edition 2023.2.3\bin -Dfile.encoding=UTF-8 -Dsun.stdout.encoding=UTF-8 -Dsun.stderr.encoding=UTF-8 Main

Host: Intel(R) Core(TM) i5-8250U CPU @ 1.60GHz, 8 cores, 19G,  Windows 10 , 64 bit Build 19041 (10.0.19041.3636)
Time: Tue Jan 16 20:48:59 2024 Hora estándar romance elapsed time: 0.184265 seconds (0d 0h 0m 0s)

---------------  T H R E A D  ---------------

Current thread (0x00000179a1229860):  JavaThread "C2 CompilerThread0" daemon [_thread_in_native, id=16524, stack(0x0000003770500000,0x0000003770600000) (1024K)]


Current CompileTask:
C2:    184  284 %     4       java.util.jar.Manifest$FastInputStream::readLine @ 86 (296 bytes)

Stack: [0x0000003770500000,0x0000003770600000]
Native frames: (J=compiled Java code, j=interpreted, Vv=VM code, C=native code)
V  [jvm.dll+0x6c9029]
V  [jvm.dll+0x854b81]
V  [jvm.dll+0x856e5e]
V  [jvm.dll+0x857543]
V  [jvm.dll+0x280c06]
V  [jvm.dll+0xc3ead]
V  [jvm.dll+0xc43c3]
V  [jvm.dll+0x14615e]
V  [jvm.dll+0x145102]
V  [jvm.dll+0x6ce658]
V  [jvm.dll+0x249e9d]
V  [jvm.dll+0x2490b1]
V  [jvm.dll+0x1c9ca1]
V  [jvm.dll+0x2586b9]
V  [jvm.dll+0x256c9a]
V  [jvm.dll+0x3ef1b6]
V  [jvm.dll+0x7fd728]
V  [jvm.dll+0x6c777d]
C  [ucrtbase.dll+0x21bb2]
C  [KERNEL32.DLL+0x17344]
C  [ntdll.dll+0x526b1]


---------------  P R O C E S S  ---------------

Threads class SMR info:
_java_thread_list=0x00000179a1576510, length=12, elements={
0x00000179fe9723f0, 0x00000179a1213d50, 0x00000179a1214a70, 0x00000179a1218590,
0x00000179a1219350, 0x00000179a121c560, 0x00000179a121d760, 0x00000179a1229860,
0x00000179a122cee0, 0x00000179a14674f0, 0x00000179a156cc40, 0x00000179a15a6d30
}

Java Threads: ( => current thread )
  0x00000179fe9723f0 JavaThread "main"                              [_thread_in_vm, id=5200, stack(0x000000376f700000,0x000000376f800000) (1024K)]
  0x00000179a1213d50 JavaThread "Reference Handler"          daemon [_thread_blocked, id=20668, stack(0x000000376ff00000,0x0000003770000000) (1024K)]
  0x00000179a1214a70 JavaThread "Finalizer"                  daemon [_thread_blocked, id=7884, stack(0x0000003770000000,0x0000003770100000) (1024K)]
  0x00000179a1218590 JavaThread "Signal Dispatcher"          daemon [_thread_blocked, id=25000, stack(0x0000003770100000,0x0000003770200000) (1024K)]
  0x00000179a1219350 JavaThread "Attach Listener"            daemon [_thread_blocked, id=19108, stack(0x0000003770200000,0x0000003770300000) (1024K)]
  0x00000179a121c560 JavaThread "Service Thread"             daemon [_thread_blocked, id=10872, stack(0x0000003770300000,0x0000003770400000) (1024K)]
  0x00000179a121d760 JavaThread "Monitor Deflation Thread"   daemon [_thread_blocked, id=20620, stack(0x0000003770400000,0x0000003770500000) (1024K)]
=>0x00000179a1229860 JavaThread "C2 CompilerThread0"         daemon [_thread_in_native, id=16524, stack(0x0000003770500000,0x0000003770600000) (1024K)]
  0x00000179a122cee0 JavaThread "C1 CompilerThread0"         daemon [_thread_blocked, id=22912, stack(0x0000003770600000,0x0000003770700000) (1024K)]
  0x00000179a14674f0 JavaThread "Common-Cleaner"             daemon [_thread_blocked, id=17828, stack(0x0000003770700000,0x0000003770800000) (1024K)]
  0x00000179a156cc40 JavaThread "Monitor Ctrl-Break"         daemon [_thread_in_native, id=3212, stack(0x0000003770800000,0x0000003770900000) (1024K)]
  0x00000179a15a6d30 JavaThread "Notification Thread"        daemon [_thread_blocked, id=21912, stack(0x0000003770900000,0x0000003770a00000) (1024K)]
Total: 12

Other Threads:
  0x00000179a11f7040 VMThread "VM Thread"                           [id=11424, stack(0x000000376fe00000,0x000000376ff00000) (1024K)]
  0x00000179a11df480 WatcherThread "VM Periodic Task Thread"        [id=2912, stack(0x000000376fd00000,0x000000376fe00000) (1024K)]
  0x00000179ff849040 WorkerThread "GC Thread#0"                     [id=15620, stack(0x000000376f800000,0x000000376f900000) (1024K)]
  0x00000179ff854120 ConcurrentGCThread "G1 Main Marker"            [id=21416, stack(0x000000376f900000,0x000000376fa00000) (1024K)]
  0x00000179ff8573d0 WorkerThread "G1 Conc#0"                       [id=16532, stack(0x000000376fa00000,0x000000376fb00000) (1024K)]
  0x00000179a10b34c0 ConcurrentGCThread "G1 Refine#0"               [id=11176, stack(0x000000376fb00000,0x000000376fc00000) (1024K)]
  0x00000179a10b5cf0 ConcurrentGCThread "G1 Service"                [id=24024, stack(0x000000376fc00000,0x000000376fd00000) (1024K)]
Total: 7

Threads with active compile tasks:
C2 CompilerThread0      209  284 %     4       java.util.jar.Manifest$FastInputStream::readLine @ 86 (296 bytes)
Total: 1

VM state: not at safepoint (normal execution)

VM Mutex/Monitor currently owned by a thread: None

Heap address: 0x00000006c1400000, size: 5100 MB, Compressed Oops mode: Zero based, Oop shift amount: 3

CDS archive(s) mapped at: [0x00000179a2000000-0x00000179a2c90000-0x00000179a2c90000), size 13172736, SharedBaseAddress: 0x00000179a2000000, ArchiveRelocationMode: 1.
Compressed class space mapped at: 0x00000179a3000000-0x00000179e3000000, reserved size: 1073741824
Narrow klass base: 0x00000179a2000000, Narrow klass shift: 0, Narrow klass range: 0x100000000

GC Precious Log:
 CardTable entry size: 512
 Card Set container configuration: InlinePtr #cards 4 size 8 Array Of Cards #cards 32 size 80 Howl #buckets 8 coarsen threshold 7372 Howl Bitmap #cards 1024 size 144 coarsen threshold 921 Card regions per heap region 1 cards per card region 8192
 CPUs: 8 total, 8 available
 Memory: 20389M
 Large Page Support: Disabled
 NUMA Support: Disabled
 Compressed Oops: Enabled (Zero based)
 Heap Region Size: 4M
 Heap Min Capacity: 8M
 Heap Initial Capacity: 320M
 Heap Max Capacity: 5100M
 Pre-touch: Disabled
 Parallel Workers: 8
 Concurrent Workers: 2
 Concurrent Refinement Workers: 8
 Periodic GC: Disabled

Heap:
 garbage-first heap   total 327680K, used 4096K [0x00000006c1400000, 0x0000000800000000)
  region size 4096K, 2 young (8192K), 0 survivors (0K)
 Metaspace       used 1003K, committed 1152K, reserved 1114112K
  class space    used 71K, committed 128K, reserved 1048576K

Heap Regions: E=young(eden), S=young(survivor), O=old, HS=humongous(starts), HC=humongous(continues), CS=collection set, F=free, TAMS=top-at-mark-start, PB=parsable bottom
|   0|0x00000006c1400000, 0x00000006c1400000, 0x00000006c1800000|  0%| F|  |TAMS 0x00000006c1400000| PB 0x00000006c1400000| Untracked 
|   1|0x00000006c1800000, 0x00000006c1800000, 0x00000006c1c00000|  0%| F|  |TAMS 0x00000006c1800000| PB 0x00000006c1800000| Untracked 
|   2|0x00000006c1c00000, 0x00000006c1c00000, 0x00000006c2000000|  0%| F|  |TAMS 0x00000006c1c00000| PB 0x00000006c1c00000| Untracked 
|   3|0x00000006c2000000, 0x00000006c2000000, 0x00000006c2400000|  0%| F|  |TAMS 0x00000006c2000000| PB 0x00000006c2000000| Untracked 
|   4|0x00000006c2400000, 0x00000006c2400000, 0x00000006c2800000|  0%| F|  |TAMS 0x00000006c2400000| PB 0x00000006c2400000| Untracked 
|   5|0x00000006c2800000, 0x00000006c2800000, 0x00000006c2c00000|  0%| F|  |TAMS 0x00000006c2800000| PB 0x00000006c2800000| Untracked 
|   6|0x00000006c2c00000, 0x00000006c2c00000, 0x00000006c3000000|  0%| F|  |TAMS 0x00000006c2c00000| PB 0x00000006c2c00000| Untracked 
|   7|0x00000006c3000000, 0x00000006c3000000, 0x00000006c3400000|  0%| F|  |TAMS 0x00000006c3000000| PB 0x00000006c3000000| Untracked 
|   8|0x00000006c3400000, 0x00000006c3400000, 0x00000006c3800000|  0%| F|  |TAMS 0x00000006c3400000| PB 0x00000006c3400000| Untracked 
|   9|0x00000006c3800000, 0x00000006c3800000, 0x00000006c3c00000|  0%| F|  |TAMS 0x00000006c3800000| PB 0x00000006c3800000| Untracked 
|  10|0x00000006c3c00000, 0x00000006c3c00000, 0x00000006c4000000|  0%| F|  |TAMS 0x00000006c3c00000| PB 0x00000006c3c00000| Untracked 
|  11|0x00000006c4000000, 0x00000006c4000000, 0x00000006c4400000|  0%| F|  |TAMS 0x00000006c4000000| PB 0x00000006c4000000| Untracked 
|  12|0x00000006c4400000, 0x00000006c4400000, 0x00000006c4800000|  0%| F|  |TAMS 0x00000006c4400000| PB 0x00000006c4400000| Untracked 
|  13|0x00000006c4800000, 0x00000006c4800000, 0x00000006c4c00000|  0%| F|  |TAMS 0x00000006c4800000| PB 0x00000006c4800000| Untracked 
|  14|0x00000006c4c00000, 0x00000006c4c00000, 0x00000006c5000000|  0%| F|  |TAMS 0x00000006c4c00000| PB 0x00000006c4c00000| Untracked 
|  15|0x00000006c5000000, 0x00000006c5000000, 0x00000006c5400000|  0%| F|  |TAMS 0x00000006c5000000| PB 0x00000006c5000000| Untracked 
|  16|0x00000006c5400000, 0x00000006c5400000, 0x00000006c5800000|  0%| F|  |TAMS 0x00000006c5400000| PB 0x00000006c5400000| Untracked 
|  17|0x00000006c5800000, 0x00000006c5800000, 0x00000006c5c00000|  0%| F|  |TAMS 0x00000006c5800000| PB 0x00000006c5800000| Untracked 
|  18|0x00000006c5c00000, 0x00000006c5c00000, 0x00000006c6000000|  0%| F|  |TAMS 0x00000006c5c00000| PB 0x00000006c5c00000| Untracked 
|  19|0x00000006c6000000, 0x00000006c6000000, 0x00000006c6400000|  0%| F|  |TAMS 0x00000006c6000000| PB 0x00000006c6000000| Untracked 
|  20|0x00000006c6400000, 0x00000006c6400000, 0x00000006c6800000|  0%| F|  |TAMS 0x00000006c6400000| PB 0x00000006c6400000| Untracked 
|  21|0x00000006c6800000, 0x00000006c6800000, 0x00000006c6c00000|  0%| F|  |TAMS 0x00000006c6800000| PB 0x00000006c6800000| Untracked 
|  22|0x00000006c6c00000, 0x00000006c6c00000, 0x00000006c7000000|  0%| F|  |TAMS 0x00000006c6c00000| PB 0x00000006c6c00000| Untracked 
|  23|0x00000006c7000000, 0x00000006c7000000, 0x00000006c7400000|  0%| F|  |TAMS 0x00000006c7000000| PB 0x00000006c7000000| Untracked 
|  24|0x00000006c7400000, 0x00000006c7400000, 0x00000006c7800000|  0%| F|  |TAMS 0x00000006c7400000| PB 0x00000006c7400000| Untracked 
|  25|0x00000006c7800000, 0x00000006c7800000, 0x00000006c7c00000|  0%| F|  |TAMS 0x00000006c7800000| PB 0x00000006c7800000| Untracked 
|  26|0x00000006c7c00000, 0x00000006c7c00000, 0x00000006c8000000|  0%| F|  |TAMS 0x00000006c7c00000| PB 0x00000006c7c00000| Untracked 
|  27|0x00000006c8000000, 0x00000006c8000000, 0x00000006c8400000|  0%| F|  |TAMS 0x00000006c8000000| PB 0x00000006c8000000| Untracked 
|  28|0x00000006c8400000, 0x00000006c8400000, 0x00000006c8800000|  0%| F|  |TAMS 0x00000006c8400000| PB 0x00000006c8400000| Untracked 
|  29|0x00000006c8800000, 0x00000006c8800000, 0x00000006c8c00000|  0%| F|  |TAMS 0x00000006c8800000| PB 0x00000006c8800000| Untracked 
|  30|0x00000006c8c00000, 0x00000006c8c00000, 0x00000006c9000000|  0%| F|  |TAMS 0x00000006c8c00000| PB 0x00000006c8c00000| Untracked 
|  31|0x00000006c9000000, 0x00000006c9000000, 0x00000006c9400000|  0%| F|  |TAMS 0x00000006c9000000| PB 0x00000006c9000000| Untracked 
|  32|0x00000006c9400000, 0x00000006c9400000, 0x00000006c9800000|  0%| F|  |TAMS 0x00000006c9400000| PB 0x00000006c9400000| Untracked 
|  33|0x00000006c9800000, 0x00000006c9800000, 0x00000006c9c00000|  0%| F|  |TAMS 0x00000006c9800000| PB 0x00000006c9800000| Untracked 
|  34|0x00000006c9c00000, 0x00000006c9c00000, 0x00000006ca000000|  0%| F|  |TAMS 0x00000006c9c00000| PB 0x00000006c9c00000| Untracked 
|  35|0x00000006ca000000, 0x00000006ca000000, 0x00000006ca400000|  0%| F|  |TAMS 0x00000006ca000000| PB 0x00000006ca000000| Untracked 
|  36|0x00000006ca400000, 0x00000006ca400000, 0x00000006ca800000|  0%| F|  |TAMS 0x00000006ca400000| PB 0x00000006ca400000| Untracked 
|  37|0x00000006ca800000, 0x00000006ca800000, 0x00000006cac00000|  0%| F|  |TAMS 0x00000006ca800000| PB 0x00000006ca800000| Untracked 
|  38|0x00000006cac00000, 0x00000006cac00000, 0x00000006cb000000|  0%| F|  |TAMS 0x00000006cac00000| PB 0x00000006cac00000| Untracked 
|  39|0x00000006cb000000, 0x00000006cb000000, 0x00000006cb400000|  0%| F|  |TAMS 0x00000006cb000000| PB 0x00000006cb000000| Untracked 
|  40|0x00000006cb400000, 0x00000006cb400000, 0x00000006cb800000|  0%| F|  |TAMS 0x00000006cb400000| PB 0x00000006cb400000| Untracked 
|  41|0x00000006cb800000, 0x00000006cb800000, 0x00000006cbc00000|  0%| F|  |TAMS 0x00000006cb800000| PB 0x00000006cb800000| Untracked 
|  42|0x00000006cbc00000, 0x00000006cbc00000, 0x00000006cc000000|  0%| F|  |TAMS 0x00000006cbc00000| PB 0x00000006cbc00000| Untracked 
|  43|0x00000006cc000000, 0x00000006cc000000, 0x00000006cc400000|  0%| F|  |TAMS 0x00000006cc000000| PB 0x00000006cc000000| Untracked 
|  44|0x00000006cc400000, 0x00000006cc400000, 0x00000006cc800000|  0%| F|  |TAMS 0x00000006cc400000| PB 0x00000006cc400000| Untracked 
|  45|0x00000006cc800000, 0x00000006cc800000, 0x00000006ccc00000|  0%| F|  |TAMS 0x00000006cc800000| PB 0x00000006cc800000| Untracked 
|  46|0x00000006ccc00000, 0x00000006ccc00000, 0x00000006cd000000|  0%| F|  |TAMS 0x00000006ccc00000| PB 0x00000006ccc00000| Untracked 
|  47|0x00000006cd000000, 0x00000006cd000000, 0x00000006cd400000|  0%| F|  |TAMS 0x00000006cd000000| PB 0x00000006cd000000| Untracked 
|  48|0x00000006cd400000, 0x00000006cd400000, 0x00000006cd800000|  0%| F|  |TAMS 0x00000006cd400000| PB 0x00000006cd400000| Untracked 
|  49|0x00000006cd800000, 0x00000006cd800000, 0x00000006cdc00000|  0%| F|  |TAMS 0x00000006cd800000| PB 0x00000006cd800000| Untracked 
|  50|0x00000006cdc00000, 0x00000006cdc00000, 0x00000006ce000000|  0%| F|  |TAMS 0x00000006cdc00000| PB 0x00000006cdc00000| Untracked 
|  51|0x00000006ce000000, 0x00000006ce000000, 0x00000006ce400000|  0%| F|  |TAMS 0x00000006ce000000| PB 0x00000006ce000000| Untracked 
|  52|0x00000006ce400000, 0x00000006ce400000, 0x00000006ce800000|  0%| F|  |TAMS 0x00000006ce400000| PB 0x00000006ce400000| Untracked 
|  53|0x00000006ce800000, 0x00000006ce800000, 0x00000006cec00000|  0%| F|  |TAMS 0x00000006ce800000| PB 0x00000006ce800000| Untracked 
|  54|0x00000006cec00000, 0x00000006cec00000, 0x00000006cf000000|  0%| F|  |TAMS 0x00000006cec00000| PB 0x00000006cec00000| Untracked 
|  55|0x00000006cf000000, 0x00000006cf000000, 0x00000006cf400000|  0%| F|  |TAMS 0x00000006cf000000| PB 0x00000006cf000000| Untracked 
|  56|0x00000006cf400000, 0x00000006cf400000, 0x00000006cf800000|  0%| F|  |TAMS 0x00000006cf400000| PB 0x00000006cf400000| Untracked 
|  57|0x00000006cf800000, 0x00000006cf800000, 0x00000006cfc00000|  0%| F|  |TAMS 0x00000006cf800000| PB 0x00000006cf800000| Untracked 
|  58|0x00000006cfc00000, 0x00000006cfc00000, 0x00000006d0000000|  0%| F|  |TAMS 0x00000006cfc00000| PB 0x00000006cfc00000| Untracked 
|  59|0x00000006d0000000, 0x00000006d0000000, 0x00000006d0400000|  0%| F|  |TAMS 0x00000006d0000000| PB 0x00000006d0000000| Untracked 
|  60|0x00000006d0400000, 0x00000006d0400000, 0x00000006d0800000|  0%| F|  |TAMS 0x00000006d0400000| PB 0x00000006d0400000| Untracked 
|  61|0x00000006d0800000, 0x00000006d0800000, 0x00000006d0c00000|  0%| F|  |TAMS 0x00000006d0800000| PB 0x00000006d0800000| Untracked 
|  62|0x00000006d0c00000, 0x00000006d0c00000, 0x00000006d1000000|  0%| F|  |TAMS 0x00000006d0c00000| PB 0x00000006d0c00000| Untracked 
|  63|0x00000006d1000000, 0x00000006d1000000, 0x00000006d1400000|  0%| F|  |TAMS 0x00000006d1000000| PB 0x00000006d1000000| Untracked 
|  64|0x00000006d1400000, 0x00000006d1400000, 0x00000006d1800000|  0%| F|  |TAMS 0x00000006d1400000| PB 0x00000006d1400000| Untracked 
|  65|0x00000006d1800000, 0x00000006d1800000, 0x00000006d1c00000|  0%| F|  |TAMS 0x00000006d1800000| PB 0x00000006d1800000| Untracked 
|  66|0x00000006d1c00000, 0x00000006d1c00000, 0x00000006d2000000|  0%| F|  |TAMS 0x00000006d1c00000| PB 0x00000006d1c00000| Untracked 
|  67|0x00000006d2000000, 0x00000006d2000000, 0x00000006d2400000|  0%| F|  |TAMS 0x00000006d2000000| PB 0x00000006d2000000| Untracked 
|  68|0x00000006d2400000, 0x00000006d2400000, 0x00000006d2800000|  0%| F|  |TAMS 0x00000006d2400000| PB 0x00000006d2400000| Untracked 
|  69|0x00000006d2800000, 0x00000006d2800000, 0x00000006d2c00000|  0%| F|  |TAMS 0x00000006d2800000| PB 0x00000006d2800000| Untracked 
|  70|0x00000006d2c00000, 0x00000006d2c00000, 0x00000006d3000000|  0%| F|  |TAMS 0x00000006d2c00000| PB 0x00000006d2c00000| Untracked 
|  71|0x00000006d3000000, 0x00000006d3000000, 0x00000006d3400000|  0%| F|  |TAMS 0x00000006d3000000| PB 0x00000006d3000000| Untracked 
|  72|0x00000006d3400000, 0x00000006d3400000, 0x00000006d3800000|  0%| F|  |TAMS 0x00000006d3400000| PB 0x00000006d3400000| Untracked 
|  73|0x00000006d3800000, 0x00000006d3800000, 0x00000006d3c00000|  0%| F|  |TAMS 0x00000006d3800000| PB 0x00000006d3800000| Untracked 
|  74|0x00000006d3c00000, 0x00000006d3c00000, 0x00000006d4000000|  0%| F|  |TAMS 0x00000006d3c00000| PB 0x00000006d3c00000| Untracked 
|  75|0x00000006d4000000, 0x00000006d4000000, 0x00000006d4400000|  0%| F|  |TAMS 0x00000006d4000000| PB 0x00000006d4000000| Untracked 
|  76|0x00000006d4400000, 0x00000006d4400000, 0x00000006d4800000|  0%| F|  |TAMS 0x00000006d4400000| PB 0x00000006d4400000| Untracked 
|  77|0x00000006d4800000, 0x00000006d4800000, 0x00000006d4c00000|  0%| F|  |TAMS 0x00000006d4800000| PB 0x00000006d4800000| Untracked 
|  78|0x00000006d4c00000, 0x00000006d4ede300, 0x00000006d5000000| 71%| E|  |TAMS 0x00000006d4c00000| PB 0x00000006d4c00000| Complete 
|  79|0x00000006d5000000, 0x00000006d5400000, 0x00000006d5400000|100%| E|CS|TAMS 0x00000006d5000000| PB 0x00000006d5000000| Complete 

Card table byte_map: [0x0000017999190000,0x0000017999b90000] _byte_map_base: 0x0000017995b86000

Marking Bits: (CMBitMap*) 0x00000179ff849740
 Bits: [0x0000017999b90000, 0x000001799eb40000)

Polling page: 0x00000179febe0000

Metaspace:

Usage:
  Non-class:    932.86 KB used.
      Class:     71.09 KB used.
       Both:   1003.95 KB used.

Virtual space:
  Non-class space:       64.00 MB reserved,       1.00 MB (  2%) committed,  1 nodes.
      Class space:        1.00 GB reserved,     128.00 KB ( <1%) committed,  1 nodes.
             Both:        1.06 GB reserved,       1.12 MB ( <1%) committed. 

Chunk freelists:
   Non-Class:  11.80 MB
       Class:  15.73 MB
        Both:  27.52 MB

MaxMetaspaceSize: unlimited
CompressedClassSpaceSize: 1.00 GB
Initial GC threshold: 21.00 MB
Current GC threshold: 21.00 MB
CDS: on
 - commit_granule_bytes: 65536.
 - commit_granule_words: 8192.
 - virtual_space_node_default_size: 8388608.
 - enlarge_chunks_in_place: 1.
 - use_allocation_guard: 0.


Internal statistics:

num_allocs_failed_limit: 0.
num_arena_births: 24.
num_arena_deaths: 0.
num_vsnodes_births: 2.
num_vsnodes_deaths: 0.
num_space_committed: 18.
num_space_uncommitted: 0.
num_chunks_returned_to_freelist: 0.
num_chunks_taken_from_freelist: 39.
num_chunk_merges: 0.
num_chunk_splits: 25.
num_chunks_enlarged: 16.
num_inconsistent_stats: 0.

CodeHeap 'non-profiled nmethods': size=120000Kb used=112Kb max_used=112Kb free=119887Kb
 bounds [0x0000017991260000, 0x00000179914d0000, 0x0000017998790000]
CodeHeap 'profiled nmethods': size=120000Kb used=367Kb max_used=367Kb free=119633Kb
 bounds [0x0000017989790000, 0x0000017989a00000, 0x0000017990cc0000]
CodeHeap 'non-nmethods': size=5760Kb used=1321Kb max_used=1321Kb free=4438Kb
 bounds [0x0000017990cc0000, 0x0000017990f30000, 0x0000017991260000]
 total_blobs=725 nmethods=305 adapters=323
 compilation: enabled
              stopped_count=0, restarted_count=0
 full_count=0

Compilation events (20 events):
Event: 0.175 Thread 0x00000179a122cee0 nmethod 293 0x00000179897dfb90 code [0x00000179897dfd40, 0x00000179897dffd0]
Event: 0.175 Thread 0x00000179a122cee0  294       3       java.lang.String::lastIndexOf (29 bytes)
Event: 0.175 Thread 0x00000179a122cee0 nmethod 294 0x00000179897e0090 code [0x00000179897e0260, 0x00000179897e0520]
Event: 0.175 Thread 0x00000179a122cee0  295       3       jdk.internal.misc.Unsafe::allocateUninitializedArray0 (90 bytes)
Event: 0.175 Thread 0x00000179a122cee0 nmethod 295 0x00000179897e0610 code [0x00000179897e0840, 0x00000179897e1180]
Event: 0.175 Thread 0x00000179a122cee0  296       3       java.lang.StringLatin1::inflate (34 bytes)
Event: 0.176 Thread 0x00000179a122cee0 nmethod 296 0x00000179897e1310 code [0x00000179897e14c0, 0x00000179897e16c8]
Event: 0.176 Thread 0x00000179a122cee0  297       3       java.lang.String::lastIndexOf (12 bytes)
Event: 0.176 Thread 0x00000179a122cee0 nmethod 297 0x00000179897e1810 code [0x00000179897e1a00, 0x00000179897e1e10]
Event: 0.176 Thread 0x00000179a122cee0  301       3       jdk.internal.org.objectweb.asm.SymbolTable$Entry::<init> (17 bytes)
Event: 0.176 Thread 0x00000179a122cee0 nmethod 301 0x00000179897e1f90 code [0x00000179897e2140, 0x00000179897e22c0]
Event: 0.176 Thread 0x00000179a122cee0  299       3       java.lang.StringConcatHelper::stringOf (20 bytes)
Event: 0.177 Thread 0x00000179a122cee0 nmethod 299 0x00000179897e2390 code [0x00000179897e2540, 0x00000179897e2780]
Event: 0.177 Thread 0x00000179a122cee0  300       3       java.lang.StringConcatHelper::mix (27 bytes)
Event: 0.177 Thread 0x00000179a122cee0 nmethod 300 0x00000179897e2890 code [0x00000179897e2a60, 0x00000179897e2e60]
Event: 0.177 Thread 0x00000179a122cee0  302       3       java.lang.Enum::<init> (15 bytes)
Event: 0.178 Thread 0x00000179a122cee0 nmethod 302 0x00000179897e3010 code [0x00000179897e31c0, 0x00000179897e3390]
Event: 0.178 Thread 0x00000179a122cee0  303       3       java.util.zip.ZipFile$Source::getEntryNext (9 bytes)
Event: 0.178 Thread 0x00000179a122cee0 nmethod 303 0x00000179897e3490 code [0x00000179897e3640, 0x00000179897e3780]
Event: 0.179 Thread 0x00000179a122cee0  304   !   3       java.lang.String::<init> (893 bytes)

GC Heap History (0 events):
No events

Dll operation events (9 events):
Event: 0.012 Loaded shared library C:\Users\henrr\.jdks\openjdk-21.0.1\bin\java.dll
Event: 0.045 Loaded shared library C:\Users\henrr\.jdks\openjdk-21.0.1\bin\jsvml.dll
Event: 0.106 Loaded shared library C:\Users\henrr\.jdks\openjdk-21.0.1\bin\zip.dll
Event: 0.110 Loaded shared library C:\Users\henrr\.jdks\openjdk-21.0.1\bin\instrument.dll
Event: 0.116 Loaded shared library C:\Users\henrr\.jdks\openjdk-21.0.1\bin\net.dll
Event: 0.118 Loaded shared library C:\Users\henrr\.jdks\openjdk-21.0.1\bin\nio.dll
Event: 0.127 Loaded shared library C:\Users\henrr\.jdks\openjdk-21.0.1\bin\zip.dll
Event: 0.164 Loaded shared library C:\Program Files\JetBrains\IntelliJ IDEA Community Edition 2023.2.3\bin\breakgen64.dll
Event: 0.175 Loaded shared library C:\Users\henrr\.jdks\openjdk-21.0.1\bin\extnet.dll

Deoptimization events (20 events):
Event: 0.124 Thread 0x00000179fe9723f0 DEOPT PACKING pc=0x00000179897ba6e7 sp=0x000000376f7fe130
Event: 0.124 Thread 0x00000179fe9723f0 DEOPT UNPACKING pc=0x0000017990d14e42 sp=0x000000376f7fd5a0 mode 0
Event: 0.124 Thread 0x00000179fe9723f0 DEOPT PACKING pc=0x00000179897ba6e7 sp=0x000000376f7fe130
Event: 0.124 Thread 0x00000179fe9723f0 DEOPT UNPACKING pc=0x0000017990d14e42 sp=0x000000376f7fd5a0 mode 0
Event: 0.124 Thread 0x00000179fe9723f0 DEOPT PACKING pc=0x00000179897ba6e7 sp=0x000000376f7fe130
Event: 0.124 Thread 0x00000179fe9723f0 DEOPT UNPACKING pc=0x0000017990d14e42 sp=0x000000376f7fd5a0 mode 0
Event: 0.125 Thread 0x00000179fe9723f0 DEOPT PACKING pc=0x00000179897ba6e7 sp=0x000000376f7fe130
Event: 0.125 Thread 0x00000179fe9723f0 DEOPT UNPACKING pc=0x0000017990d14e42 sp=0x000000376f7fd5a0 mode 0
Event: 0.125 Thread 0x00000179fe9723f0 DEOPT PACKING pc=0x00000179897ba6e7 sp=0x000000376f7fe130
Event: 0.125 Thread 0x00000179fe9723f0 DEOPT UNPACKING pc=0x0000017990d14e42 sp=0x000000376f7fd5a0 mode 0
Event: 0.125 Thread 0x00000179fe9723f0 DEOPT PACKING pc=0x00000179897ba6e7 sp=0x000000376f7fe130
Event: 0.125 Thread 0x00000179fe9723f0 DEOPT UNPACKING pc=0x0000017990d14e42 sp=0x000000376f7fd5a0 mode 0
Event: 0.145 Thread 0x00000179fe9723f0 Uncommon trap: trap_request=0xffffff45 fr.pc=0x00000179912757dc relative=0x000000000000019c
Event: 0.145 Thread 0x00000179fe9723f0 Uncommon trap: reason=unstable_if action=reinterpret pc=0x00000179912757dc method=java.util.zip.ZipFile$Source.isMetaName([BII)Z @ 43 c2
Event: 0.145 Thread 0x00000179fe9723f0 DEOPT PACKING pc=0x00000179912757dc sp=0x000000376f7fe2e0
Event: 0.145 Thread 0x00000179fe9723f0 DEOPT UNPACKING pc=0x0000017990d146a2 sp=0x000000376f7fe288 mode 2
Event: 0.165 Thread 0x00000179fe9723f0 Uncommon trap: trap_request=0xffffff45 fr.pc=0x000001799126f66c relative=0x00000000000000cc
Event: 0.165 Thread 0x00000179fe9723f0 Uncommon trap: reason=unstable_if action=reinterpret pc=0x000001799126f66c method=java.lang.String.isLatin1()Z @ 10 c2
Event: 0.165 Thread 0x00000179fe9723f0 DEOPT PACKING pc=0x000001799126f66c sp=0x000000376f7ff1e0
Event: 0.165 Thread 0x00000179fe9723f0 DEOPT UNPACKING pc=0x0000017990d146a2 sp=0x000000376f7ff120 mode 2

Classes loaded (20 events):
Event: 0.177 Loading class java/net/Proxy done
Event: 0.177 Loading class java/net/Proxy$Type
Event: 0.177 Loading class java/net/Proxy$Type done
Event: 0.177 Loading class sun/net/spi/DefaultProxySelector$1
Event: 0.178 Loading class sun/net/spi/DefaultProxySelector$1 done
Event: 0.178 Loading class sun/net/NetProperties
Event: 0.178 Loading class sun/net/NetProperties done
Event: 0.178 Loading class sun/net/NetProperties$1
Event: 0.178 Loading class sun/net/NetProperties$1 done
Event: 0.180 Loading class sun/net/spi/DefaultProxySelector$NonProxyInfo
Event: 0.180 Loading class sun/net/spi/DefaultProxySelector$NonProxyInfo done
Event: 0.180 Loading class sun/net/spi/DefaultProxySelector$3
Event: 0.180 Loading class sun/net/spi/DefaultProxySelector$3 done
Event: 0.180 Loading class sun/net/NetHooks
Event: 0.180 Loading class sun/net/NetHooks done
Event: 0.180 Loading class sun/nio/ch/NativeThread
Event: 0.180 Loading class sun/nio/ch/NativeThread done
Event: 0.181 Loading class java/io/BufferedReader
Event: 0.181 Loading class java/io/BufferedReader done
Event: 0.182 Loading class java/net/Socket$SocketInputStream

Classes unloaded (0 events):
No events

Classes redefined (0 events):
No events

Internal exceptions (3 events):
Event: 0.155 Thread 0x00000179fe9723f0 Exception <a 'java/lang/NoSuchMethodError'{0x00000006d4d6bcf0}: 'void java.lang.invoke.DirectMethodHandle$Holder.invokeStatic(java.lang.Object, java.lang.Object, java.lang.Object)'> (0x00000006d4d6bcf0) 
thrown [s\open\src\hotspot\share\interpreter\linkResolver.cpp, line 773]
Event: 0.160 Thread 0x00000179fe9723f0 Exception <a 'java/lang/NoSuchMethodError'{0x00000006d4d832e8}: 'java.lang.Object java.lang.invoke.Invokers$Holder.invokeExact_MT(java.lang.Object, java.lang.Object, java.lang.Object, java.lang.Object, java.lang.Object)'> (0x00000006d4d832e8) 
thrown [s\open\src\hotspot\share\interpreter\linkResolver.cpp, line 773]
Event: 0.176 Thread 0x00000179a156cc40 Exception <a 'java/lang/NoSuchMethodError'{0x00000006d4df9a38}: 'void java.lang.invoke.DirectMethodHandle$Holder.invokeStatic(java.lang.Object, java.lang.Object)'> (0x00000006d4df9a38) 
thrown [s\open\src\hotspot\share\interpreter\linkResolver.cpp, line 773]

ZGC Phase Switch (0 events):
No events

VM Operations (2 events):
Event: 0.095 Executing VM operation: HandshakeAllThreads (Deoptimize)
Event: 0.095 Executing VM operation: HandshakeAllThreads (Deoptimize) done

Events (12 events):
Event: 0.028 Thread 0x00000179fe9723f0 Thread added: 0x00000179fe9723f0
Event: 0.043 Thread 0x00000179a1213d50 Thread added: 0x00000179a1213d50
Event: 0.043 Thread 0x00000179a1214a70 Thread added: 0x00000179a1214a70
Event: 0.043 Thread 0x00000179a1218590 Thread added: 0x00000179a1218590
Event: 0.043 Thread 0x00000179a1219350 Thread added: 0x00000179a1219350
Event: 0.043 Thread 0x00000179a121c560 Thread added: 0x00000179a121c560
Event: 0.043 Thread 0x00000179a121d760 Thread added: 0x00000179a121d760
Event: 0.043 Thread 0x00000179a1229860 Thread added: 0x00000179a1229860
Event: 0.043 Thread 0x00000179a122cee0 Thread added: 0x00000179a122cee0
Event: 0.090 Thread 0x00000179a14674f0 Thread added: 0x00000179a14674f0
Event: 0.165 Thread 0x00000179a156cc40 Thread added: 0x00000179a156cc40
Event: 0.165 Thread 0x00000179a15a6d30 Thread added: 0x00000179a15a6d30


Dynamic libraries:
0x00007ff6d9290000 - 0x00007ff6d929e000 	C:\Users\henrr\.jdks\openjdk-21.0.1\bin\java.exe
0x00007ffd891d0000 - 0x00007ffd893c8000 	C:\WINDOWS\SYSTEM32\ntdll.dll
0x00007ffd88230000 - 0x00007ffd882ed000 	C:\WINDOWS\System32\KERNEL32.DLL
0x00007ffd86b30000 - 0x00007ffd86e26000 	C:\WINDOWS\System32\KERNELBASE.dll
0x00007ffd868e0000 - 0x00007ffd869e0000 	C:\WINDOWS\System32\ucrtbase.dll
0x00007ffd58e90000 - 0x00007ffd58eab000 	C:\Users\henrr\.jdks\openjdk-21.0.1\bin\VCRUNTIME140.dll
0x00007ffd594f0000 - 0x00007ffd59508000 	C:\Users\henrr\.jdks\openjdk-21.0.1\bin\jli.dll
0x00007ffd87db0000 - 0x00007ffd87f4e000 	C:\WINDOWS\System32\USER32.dll
0x00007ffd868b0000 - 0x00007ffd868d2000 	C:\WINDOWS\System32\win32u.dll
0x00007ffd6d350000 - 0x00007ffd6d5ea000 	C:\WINDOWS\WinSxS\amd64_microsoft.windows.common-controls_6595b64144ccf1df_6.0.19041.3636_none_60b6a03d71f818d5\COMCTL32.dll
0x00007ffd887c0000 - 0x00007ffd887ec000 	C:\WINDOWS\System32\GDI32.dll
0x00007ffd887f0000 - 0x00007ffd8888e000 	C:\WINDOWS\System32\msvcrt.dll
0x00007ffd86f40000 - 0x00007ffd8705a000 	C:\WINDOWS\System32\gdi32full.dll
0x00007ffd869e0000 - 0x00007ffd86a7d000 	C:\WINDOWS\System32\msvcp_win.dll
0x00007ffd879a0000 - 0x00007ffd879d0000 	C:\WINDOWS\System32\IMM32.DLL
0x00007ffd69840000 - 0x00007ffd6984c000 	C:\Users\henrr\.jdks\openjdk-21.0.1\bin\vcruntime140_1.dll
0x00007ffd43dc0000 - 0x00007ffd43e4e000 	C:\Users\henrr\.jdks\openjdk-21.0.1\bin\msvcp140.dll
0x00007ffce01c0000 - 0x00007ffce0ed5000 	C:\Users\henrr\.jdks\openjdk-21.0.1\bin\server\jvm.dll
0x00007ffd87230000 - 0x00007ffd872df000 	C:\WINDOWS\System32\ADVAPI32.dll
0x00007ffd88890000 - 0x00007ffd8892c000 	C:\WINDOWS\System32\sechost.dll
0x00007ffd87870000 - 0x00007ffd87996000 	C:\WINDOWS\System32\RPCRT4.dll
0x00007ffd881c0000 - 0x00007ffd8822b000 	C:\WINDOWS\System32\WS2_32.dll
0x00007ffd85e60000 - 0x00007ffd85eab000 	C:\WINDOWS\SYSTEM32\POWRPROF.dll
0x00007ffd7af20000 - 0x00007ffd7af2a000 	C:\WINDOWS\SYSTEM32\VERSION.dll
0x00007ffd6f2e0000 - 0x00007ffd6f307000 	C:\WINDOWS\SYSTEM32\WINMM.dll
0x00007ffd85cd0000 - 0x00007ffd85ce2000 	C:\WINDOWS\SYSTEM32\UMPDC.dll
0x00007ffd85150000 - 0x00007ffd85162000 	C:\WINDOWS\SYSTEM32\kernel.appcore.dll
0x00007ffd695b0000 - 0x00007ffd695ba000 	C:\Users\henrr\.jdks\openjdk-21.0.1\bin\jimage.dll
0x00007ffd84740000 - 0x00007ffd84924000 	C:\WINDOWS\SYSTEM32\DBGHELP.DLL
0x00007ffd756c0000 - 0x00007ffd756f4000 	C:\WINDOWS\SYSTEM32\dbgcore.DLL
0x00007ffd86e80000 - 0x00007ffd86f02000 	C:\WINDOWS\System32\bcryptPrimitives.dll
0x00007ffd809b0000 - 0x00007ffd809bf000 	C:\Users\henrr\.jdks\openjdk-21.0.1\bin\instrument.dll
0x00007ffd52860000 - 0x00007ffd5287f000 	C:\Users\henrr\.jdks\openjdk-21.0.1\bin\java.dll
0x00007ffd88990000 - 0x00007ffd890d5000 	C:\WINDOWS\System32\SHELL32.dll
0x00007ffd84950000 - 0x00007ffd850eb000 	C:\WINDOWS\SYSTEM32\windows.storage.dll
0x00007ffd879d0000 - 0x00007ffd87d24000 	C:\WINDOWS\System32\combase.dll
0x00007ffd862f0000 - 0x00007ffd8631d000 	C:\WINDOWS\SYSTEM32\Wldp.dll
0x00007ffd880f0000 - 0x00007ffd8819d000 	C:\WINDOWS\System32\SHCORE.dll
0x00007ffd88090000 - 0x00007ffd880e5000 	C:\WINDOWS\System32\shlwapi.dll
0x00007ffd867e0000 - 0x00007ffd86805000 	C:\WINDOWS\SYSTEM32\profapi.dll
0x00007ffd33ee0000 - 0x00007ffd33fb7000 	C:\Users\henrr\.jdks\openjdk-21.0.1\bin\jsvml.dll
0x00007ffd53a40000 - 0x00007ffd53a58000 	C:\Users\henrr\.jdks\openjdk-21.0.1\bin\zip.dll
0x00007ffd69150000 - 0x00007ffd69160000 	C:\Users\henrr\.jdks\openjdk-21.0.1\bin\net.dll
0x00007ffd7dfd0000 - 0x00007ffd7e0da000 	C:\WINDOWS\SYSTEM32\WINHTTP.dll
0x00007ffd86050000 - 0x00007ffd860ba000 	C:\WINDOWS\system32\mswsock.dll
0x00007ffd556e0000 - 0x00007ffd556f6000 	C:\Users\henrr\.jdks\openjdk-21.0.1\bin\nio.dll
0x00007ffd7f760000 - 0x00007ffd7f77a000 	C:\Program Files\JetBrains\IntelliJ IDEA Community Edition 2023.2.3\bin\breakgen64.dll
0x00007ffd65a60000 - 0x00007ffd65a67000 	C:\Users\henrr\.jdks\openjdk-21.0.1\bin\extnet.dll

dbghelp: loaded successfully - version: 4.0.5 - missing functions: none
symbol engine: initialized successfully - sym options: 0x614 - pdb path: .;C:\Users\henrr\.jdks\openjdk-21.0.1\bin;C:\WINDOWS\SYSTEM32;C:\WINDOWS\WinSxS\amd64_microsoft.windows.common-controls_6595b64144ccf1df_6.0.19041.3636_none_60b6a03d71f818d5;C:\Users\henrr\.jdks\openjdk-21.0.1\bin\server;C:\Program Files\JetBrains\IntelliJ IDEA Community Edition 2023.2.3\bin

VM Arguments:
jvm_args: -javaagent:C:\Program Files\JetBrains\IntelliJ IDEA Community Edition 2023.2.3\lib\idea_rt.jar=7273:C:\Program Files\JetBrains\IntelliJ IDEA Community Edition 2023.2.3\bin -Dfile.encoding=UTF-8 -Dsun.stdout.encoding=UTF-8 -Dsun.stderr.encoding=UTF-8 
java_command: Main
java_class_path (initial): C:\Users\henrr\OneDrive\Desktop\DAM2\Acceso Datos\UF2\Hibernate\target\classes;C:\Users\henrr\.m2\repository\org\hibernate\orm\hibernate-core\6.0.0.Alpha2\hibernate-core-6.0.0.Alpha2.jar;C:\Users\henrr\.m2\repository\org\jboss\logging\jboss-logging\3.3.2.Final\jboss-logging-3.3.2.Final.jar;C:\Users\henrr\.m2\repository\javax\persistence\javax.persistence-api\2.2\javax.persistence-api-2.2.jar;C:\Users\henrr\.m2\repository\org\javassist\javassist\3.24.0-GA\javassist-3.24.0-GA.jar;C:\Users\henrr\.m2\repository\net\bytebuddy\byte-buddy\1.9.5\byte-buddy-1.9.5.jar;C:\Users\henrr\.m2\repository\org\antlr\antlr4\4.7.1\antlr4-4.7.1.jar;C:\Users\henrr\.m2\repository\org\antlr\antlr4-runtime\4.7.1\antlr4-runtime-4.7.1.jar;C:\Users\henrr\.m2\repository\org\antlr\antlr-runtime\3.5.2\antlr-runtime-3.5.2.jar;C:\Users\henrr\.m2\repository\org\antlr\ST4\4.0.8\ST4-4.0.8.jar;C:\Users\henrr\.m2\repository\org\abego\treelayout\org.abego.treelayout.core\1.0.3\org.abego.treelayout.core-1.0.3.jar;C:\Users\henrr\.m2\repository\org\glassfish\javax.json\1.0.4\javax.json-1.0.4.jar;C:\Users\henrr\.m2\repository\com\ibm\icu\icu4j\58.2\icu4j-58.2.jar;C:\Users\henrr\.m2\repository\org\jboss\spec\javax\transaction\jboss-transaction-api_1.2_spec\1.1.1.Final\jboss-transaction-api_1.2_spec-1.1.1.Final.jar;C:\Users\henrr\.m2\repository\org\jboss\jandex\2.0.5.Final\jandex-2.0.5.Final.jar;C:\Users\henrr\.m2\repository\com\fasterxml\classmate\1.3.4\classmate-1.3.4.jar;C:\Users\henrr\.m2\repository\javax\activation\javax.activation-api\1.2.0\javax.activation-api-1.2.0.jar;C:\Users\henrr\.m2\repository\org\dom4j\dom4j\2.1.1\dom4j-2.1.1.jar;C:\Users\henrr\.m2\repository\org\hibernate\common\hibernate-commons-annotations\5.1.0.Final\hibernate-commons-annotations-5.1.0.Final.jar;C:\Users\henrr\.m2\repository\javax\xml\bind\jaxb-api\2.3.1\jaxb-api-2.3.1.jar;C:\Users\henrr\.m2\repository\org\glassfish\jaxb\jaxb-runtime\2.3.1\jaxb-runtime-2.3.1.jar;C:\Users\henrr\.m2\repository\org\glassfish\jaxb\txw2\2.3.1\txw2-2.3.1.jar;C:\Users\henrr\.m2\repository\com\sun\istack\istack-commons-runtime\3.0.7\istack-commons-runtime-3.0.7.jar;C:\Users\henrr\.m2\repository\org\jvnet\staxex\stax-ex\1.8\stax-ex-1.8.jar;C:\Users\henrr\.m2\repository\com\sun\xml\fastinfoset\FastInfoset\1.2.15\FastInfoset-1.2.15.jar;C:\Users\henrr\.m2\repository\mysql\mysql-connector-java\8.0.28\mysql-connector-java-8.0.28.jar;C:\Users\henrr\.m2\repository\com\google\protobuf\protobuf-java\3.11.4\protobuf-java-3.11.4.jar
Launcher Type: SUN_STANDARD

[Global flags]
     intx CICompilerCount                          = 4                                         {product} {ergonomic}
     uint ConcGCThreads                            = 2                                         {product} {ergonomic}
     uint G1ConcRefinementThreads                  = 8                                         {product} {ergonomic}
   size_t G1HeapRegionSize                         = 4194304                                   {product} {ergonomic}
    uintx GCDrainStackTargetSize                   = 64                                        {product} {ergonomic}
   size_t InitialHeapSize                          = 335544320                                 {product} {ergonomic}
   size_t MarkStackSize                            = 4194304                                   {product} {ergonomic}
   size_t MaxHeapSize                              = 5347737600                                {product} {ergonomic}
   size_t MaxNewSize                               = 3208642560                                {product} {ergonomic}
   size_t MinHeapDeltaBytes                        = 4194304                                   {product} {ergonomic}
   size_t MinHeapSize                              = 8388608                                   {product} {ergonomic}
    uintx NonNMethodCodeHeapSize                   = 5839372                                {pd product} {ergonomic}
    uintx NonProfiledCodeHeapSize                  = 122909434                              {pd product} {ergonomic}
    uintx ProfiledCodeHeapSize                     = 122909434                              {pd product} {ergonomic}
    uintx ReservedCodeCacheSize                    = 251658240                              {pd product} {ergonomic}
     bool SegmentedCodeCache                       = true                                      {product} {ergonomic}
   size_t SoftMaxHeapSize                          = 5347737600                             {manageable} {ergonomic}
     bool UseCompressedOops                        = true                           {product lp64_product} {ergonomic}
     bool UseG1GC                                  = true                                      {product} {ergonomic}
     bool UseLargePagesIndividualAllocation        = false                                  {pd product} {ergonomic}

Logging:
Log output configuration:
 #0: stdout all=warning uptime,level,tags foldmultilines=false
 #1: stderr all=off uptime,level,tags foldmultilines=false

Environment Variables:
JAVA_HOME=C:\Program Files\Java\jdk-17.0.1
PATH=C:\Program Files\Common Files\Oracle\Java\javapath;C:\Program Files (x86)\Common Files\Oracle\Java\javapath;C:\WINDOWS\system32;C:\WINDOWS;C:\WINDOWS\System32\Wbem;C:\WINDOWS\System32\WindowsPowerShell\v1.0\;C:\WINDOWS\System32\OpenSSH\;C:\Program Files\Microsoft SQL Server\130\Tools\Binn\;C:\Program Files\Java\jdk-17.0.1\bin;C:\Program Files\Git\cmd;C:\Program Files\nodejs\;C:\Program Files\dotnet\;C:\Program Files\Java\jdk-17.0.1\bin;C:\Users\henrr\AppData\Local\Microsoft\WindowsApps;C:\Users\henrr\AppData\Roaming\npm;C:\Users\henrr\.dotnet\tools;C:\Users\henrr\AppData\Local\Programs\Microsoft VS Code\bin;C:\Users\henrr\AppData\Local\gitkraken\bin;"C:\Users\henrr\OneDrive\Documents\flutter\bin"
USERNAME=henrr
OS=Windows_NT
PROCESSOR_IDENTIFIER=Intel64 Family 6 Model 142 Stepping 10, GenuineIntel
TMP=C:\Users\henrr\AppData\Local\Temp
TEMP=C:\Users\henrr\AppData\Local\Temp




Periodic native trim disabled

---------------  S Y S T E M  ---------------

OS:
 Windows 10 , 64 bit Build 19041 (10.0.19041.3636)
OS uptime: 7 days 4:50 hours

CPU: total 8 (initial active 8) (4 cores per cpu, 2 threads per core) family 6 model 142 stepping 10 microcode 0xea, cx8, cmov, fxsr, ht, mmx, 3dnowpref, sse, sse2, sse3, ssse3, sse4.1, sse4.2, popcnt, lzcnt, tsc, tscinvbit, avx, avx2, aes, erms, clmul, bmi1, bmi2, adx, fma, vzeroupper, clflush, clflushopt, rdtscp, f16c
Processor Information for all 8 processors :
  Max Mhz: 1800, Current Mhz: 1600, Mhz Limit: 1584

Memory: 4k page, system-wide physical 20389M (8448M free)
TotalPageFile size 22298M (AvailPageFile size 3M)
current process WorkingSet (physical memory assigned to process): 44M, peak: 44M
current process commit charge ("private bytes"): 409M, peak: 409M

vm_info: OpenJDK 64-Bit Server VM (21.0.1+12-29) for windows-amd64 JRE (21.0.1+12-29), built on 2023-10-05T13:27:09Z by "mach5one" with MS VC++ 17.1 (VS2022)

END.
